============================================================
  Generated by:           Genus(TM) Synthesis Solution GENUS15.20 - 15.20-p004_1
  Generated on:           May 17 2025  03:12:54 am
  Module:                 synth_wrapper
  Interconnect mode:      global
  Area mode:              timing library
============================================================

                                                
           Gate             Instances    Area                Library             
---------------------------------------------------------------------------------
sky130_fd_sc_hd__a21boi_1           1     7.507    sky130_fd_sc_hd__tt_025C_1v80 
sky130_fd_sc_hd__a21o_1             2    15.014    sky130_fd_sc_hd__tt_025C_1v80 
sky130_fd_sc_hd__a21oi_1            3    15.014    sky130_fd_sc_hd__tt_025C_1v80 
sky130_fd_sc_hd__a21oi_2            2    17.517    sky130_fd_sc_hd__tt_025C_1v80 
sky130_fd_sc_hd__a2bb2oi_1          1     8.758    sky130_fd_sc_hd__tt_025C_1v80 
sky130_fd_sc_hd__a41oi_1            1     8.758    sky130_fd_sc_hd__tt_025C_1v80 
sky130_fd_sc_hd__a41oi_2            1    16.266    sky130_fd_sc_hd__tt_025C_1v80 
sky130_fd_sc_hd__and2_1             2    12.512    sky130_fd_sc_hd__tt_025C_1v80 
sky130_fd_sc_hd__and2_4             1     8.758    sky130_fd_sc_hd__tt_025C_1v80 
sky130_fd_sc_hd__buf_1              2     7.507    sky130_fd_sc_hd__tt_025C_1v80 
sky130_fd_sc_hd__clkbuf_1           3    11.261    sky130_fd_sc_hd__tt_025C_1v80 
sky130_fd_sc_hd__clkinv_1           5    18.768    sky130_fd_sc_hd__tt_025C_1v80 
sky130_fd_sc_hd__clkinv_2           2    10.010    sky130_fd_sc_hd__tt_025C_1v80 
sky130_fd_sc_hd__dfrtp_1           20   500.480    sky130_fd_sc_hd__tt_025C_1v80 
sky130_fd_sc_hd__dfrtp_2            1    26.275    sky130_fd_sc_hd__tt_025C_1v80 
sky130_fd_sc_hd__inv_1              9    33.782    sky130_fd_sc_hd__tt_025C_1v80 
sky130_fd_sc_hd__inv_2             33   123.869    sky130_fd_sc_hd__tt_025C_1v80 
sky130_fd_sc_hd__inv_4              1     6.256    sky130_fd_sc_hd__tt_025C_1v80 
sky130_fd_sc_hd__mux2_2             1    11.261    sky130_fd_sc_hd__tt_025C_1v80 
sky130_fd_sc_hd__mux2i_1            1    10.010    sky130_fd_sc_hd__tt_025C_1v80 
sky130_fd_sc_hd__nand2_1           32   120.115    sky130_fd_sc_hd__tt_025C_1v80 
sky130_fd_sc_hd__nand2_2           13    81.328    sky130_fd_sc_hd__tt_025C_1v80 
sky130_fd_sc_hd__nand2_4            2    22.522    sky130_fd_sc_hd__tt_025C_1v80 
sky130_fd_sc_hd__nand2b_1           5    31.280    sky130_fd_sc_hd__tt_025C_1v80 
sky130_fd_sc_hd__nand2b_4           1    13.763    sky130_fd_sc_hd__tt_025C_1v80 
sky130_fd_sc_hd__nand3_1           16    80.077    sky130_fd_sc_hd__tt_025C_1v80 
sky130_fd_sc_hd__nand3_2            2    20.019    sky130_fd_sc_hd__tt_025C_1v80 
sky130_fd_sc_hd__nand4_1            3    18.768    sky130_fd_sc_hd__tt_025C_1v80 
sky130_fd_sc_hd__nand4bb_1          1    11.261    sky130_fd_sc_hd__tt_025C_1v80 
sky130_fd_sc_hd__nor2_1             4    15.014    sky130_fd_sc_hd__tt_025C_1v80 
sky130_fd_sc_hd__nor2_2             1     6.256    sky130_fd_sc_hd__tt_025C_1v80 
sky130_fd_sc_hd__nor2b_1            2    12.512    sky130_fd_sc_hd__tt_025C_1v80 
sky130_fd_sc_hd__nor4_2             1    12.512    sky130_fd_sc_hd__tt_025C_1v80 
sky130_fd_sc_hd__o2111a_1           1    11.261    sky130_fd_sc_hd__tt_025C_1v80 
sky130_fd_sc_hd__o2111ai_1          1     8.758    sky130_fd_sc_hd__tt_025C_1v80 
sky130_fd_sc_hd__o211ai_2           1    12.512    sky130_fd_sc_hd__tt_025C_1v80 
sky130_fd_sc_hd__o21ai_1            1     5.005    sky130_fd_sc_hd__tt_025C_1v80 
sky130_fd_sc_hd__o21ai_2            1     8.758    sky130_fd_sc_hd__tt_025C_1v80 
sky130_fd_sc_hd__o221ai_1           2    17.517    sky130_fd_sc_hd__tt_025C_1v80 
sky130_fd_sc_hd__o22ai_1            2    12.512    sky130_fd_sc_hd__tt_025C_1v80 
sky130_fd_sc_hd__o2bb2ai_1          1     8.758    sky130_fd_sc_hd__tt_025C_1v80 
sky130_fd_sc_hd__o32a_1             1    10.010    sky130_fd_sc_hd__tt_025C_1v80 
sky130_fd_sc_hd__or2_1              2    12.512    sky130_fd_sc_hd__tt_025C_1v80 
sky130_fd_sc_hd__or2_2              1     6.256    sky130_fd_sc_hd__tt_025C_1v80 
sky130_fd_sc_hd__or2_4              1     8.758    sky130_fd_sc_hd__tt_025C_1v80 
sky130_fd_sc_hd__xnor2_1            1     8.758    sky130_fd_sc_hd__tt_025C_1v80 
sky130_fd_sc_hd__xor2_1             1     8.758    sky130_fd_sc_hd__tt_025C_1v80 
---------------------------------------------------------------------------------
total                             192  1455.146                                  


                                     
   Type    Instances   Area   Area % 
-------------------------------------
sequential        21  526.755   36.2 
inverter          50  192.685   13.2 
buffer             5   18.768    1.3 
logic            116  716.938   49.3 
-------------------------------------
total            192 1455.146  100.0 

