============================================================
  Generated by:           Genus(TM) Synthesis Solution GENUS15.20 - 15.20-p004_1
  Generated on:           May 17 2025  03:12:54 am
  Module:                 synth_wrapper
  Interconnect mode:      global
  Area mode:              timing library
============================================================

Timing
--------

Clock Period 
-------------
clk   1250.0 


  Cost    Critical       Violating 
 Group   Path Slack TNS    Paths   
-----------------------------------
default         1.5   0          0 
-----------------------------------
Total                 0          0 

Instance Count
--------------
Leaf Instance Count             192 
Sequential Instance Count        21 
Combinational Instance Count    171 
Hierarchical Instance Count       1 

Area
----
Cell Area                          1455.146
Physical Cell Area                 0.000
Total Cell Area (Cell+Physical)    1455.146
Net Area                           988.188
Total Area (Cell+Physical+Net)     2443.334

Max Fanout                         21 (clk)
Min Fanout                         1 (b_reg[1])
Average Fanout                     2.1
Terms to net ratio                 3.0
Terms to instance ratio            3.2
Runtime                            9.788 seconds
Elapsed Runtime                    11 seconds
RC peak memory usage:              477.75 
EDI peak memory usage:             no_value 
Hostname                           centos7
